#-----------------------------------------------------------
# Vivado v2016.2 (64-bit)
# SW Build 1577090 on Thu Jun  2 16:32:40 MDT 2016
# IP Build 1577682 on Fri Jun  3 12:00:54 MDT 2016
# Start of session at: Mon Feb 17 15:34:36 2020
# Process ID: 8796
# Current directory: M:/2019-20/CE339 - High Level Digital Design/Assignment_2/Assignment_2
# Command line: vivado.exe -gui_launcher_event rodinguilauncherevent9756 M:\2019-20\CE339 - High Level Digital Design\Assignment_2\Assignment_2\Assignment_2.xpr
# Log file: M:/2019-20/CE339 - High Level Digital Design/Assignment_2/Assignment_2/vivado.log
# Journal file: M:/2019-20/CE339 - High Level Digital Design/Assignment_2/Assignment_2\vivado.jou
#-----------------------------------------------------------
start_gui
open_project {M:/2019-20/CE339 - High Level Digital Design/Assignment_2/Assignment_2/Assignment_2.xpr}
Scanning sources...
Finished scanning sources
INFO: [IP_Flow 19-234] Refreshing IP repositories
INFO: [IP_Flow 19-1704] No user IP repositories specified
INFO: [IP_Flow 19-2313] Loaded Vivado IP repository 'C:/Xilinx/Vivado/2016.2/data/ip'.
open_project: Time (s): cpu = 00:00:07 ; elapsed = 00:00:07 . Memory (MB): peak = 779.992 ; gain = 160.191
update_compile_order -fileset sources_1
exit
INFO: [Common 17-206] Exiting Vivado at Mon Feb 17 16:43:25 2020...
